
> nextjs@0.2.1 dev
> next dev --turbopack

▲ Next.js 16.2.2 (Turbopack)
- Local:         http://localhost:3000
- Network:       http://192.168.0.2:3000
✓ Ready in 527ms
⚠ The "middleware" file convention is deprecated. Please use "proxy" instead. Learn more: https://nextjs.org/docs/messages/middleware-to-proxy

⨯ Error: Your project's URL and Key are required to create a Supabase client!

Check your Supabase project's API settings to find these values

https://supabase.com/dashboard/project/_/settings/api
    at <unknown> (https://supabase.com/dashboard/project/_/settings/api)
    at <unknown> (https://supabase.com/dashboard/project/_/settings/api)
    at updateSession (utils/supabase/middleware.js:9:38)
    at middleware (middleware.js:4:29)
   7 |   })
   8 |
>  9 |   const supabase = createServerClient(
     |                                      ^
  10 |     process.env.SUPABASE_URL || process.env.NEXT_PUBLIC_SUPABASE_URL,
  11 |     process.env.SUPABASE_ANON_KEY || process.env.NEXT_PUBLIC_SUPABASE_ANON_KEY,
  12 |     {
 GET /dashboard 404 in 2.3s (next.js: -289258µs, proxy.ts: 2.2s, application-code: 309ms)
[browser] Uncaught Error: Your project's URL and Key are required to create a Supabase client!

Check your Supabase project's API settings to find these values

https://supabase.com/dashboard/project/_/settings/api
    at <unknown> (https://supabase.com/dashboard/project/_/settings/api)
    at <unknown> (https://supabase.com/dashboard/project/_/settings/api)
    at <unknown> (https://supabase.com/dashboard/project/_/settings/api)
    at updateSession (utils/supabase/middleware.js:9:38)
    at middleware (middleware.js:4:29)
   7 |   })
   8 |
>  9 |   const supabase = createServerClient(
     |                                      ^
  10 |     process.env.SUPABASE_URL || process.env.NEXT_PUBLIC_SUPABASE_URL,
  11 |     process.env.SUPABASE_ANON_KEY || process.env.NEXT_PUBLIC_SUPABASE_ANON_KEY,
  12 |     {
○ Compiling /_not-found/page ...
